[debug] [2021-04-16T03:19:23.535Z] ----------------------------------------------------------------------
[debug] [2021-04-16T03:19:23.537Z] Command:       C:\Program Files\nodejs\node.exe C:\Users\ASUS\AppData\Roaming\npm\node_modules\firebase-tools\lib\bin\firebase.js init
[debug] [2021-04-16T03:19:23.538Z] CLI Version:   9.9.0
[debug] [2021-04-16T03:19:23.538Z] Platform:      win32
[debug] [2021-04-16T03:19:23.538Z] Node Version:  v14.16.0
[debug] [2021-04-16T03:19:23.539Z] Time:          Fri Apr 16 2021 10:19:23 GMT+0700 (Giờ Đông Dương)
[debug] [2021-04-16T03:19:23.539Z] ----------------------------------------------------------------------
[debug] 
[debug] [2021-04-16T03:19:23.545Z] > command requires scopes: ["email","openid","https://www.googleapis.com/auth/cloudplatformprojects.readonly","https://www.googleapis.com/auth/firebase","https://www.googleapis.com/auth/cloud-platform"]
[debug] [2021-04-16T03:19:23.545Z] > authorizing via signed-in user (phamngocanhtin15102000@gmail.com)
[info] 
     ######## #### ########  ######## ########     ###     ######  ########
     ##        ##  ##     ## ##       ##     ##  ##   ##  ##       ##
     ######    ##  ########  ######   ########  #########  ######  ######
     ##        ##  ##    ##  ##       ##     ## ##     ##       ## ##
     ##       #### ##     ## ######## ########  ##     ##  ######  ########

You're about to initialize a Firebase project in this directory:

  C:\Reactjs App\my-app

Before we get started, keep in mind:

  * You are currently outside your home directory
  * You are initializing in an existing Firebase project directory

